<?xml version="1.0" encoding="UTF-8"?>
<testng-results ignored="0" total="2" passed="2" failed="0" skipped="0">
  <reporter-output>
    <line>
      <![CDATA[open browser]]>
    </line>
    <line>
      <![CDATA[open browser]]>
    </line>
    <line>
      <![CDATA[login]]>
    </line>
    <line>
      <![CDATA[login]]>
    </line>
    <line>
      <![CDATA[LoginPage]]>
    </line>
    <line>
      <![CDATA[logout]]>
    </line>
    <line>
      <![CDATA[LoginPage]]>
    </line>
    <line>
      <![CDATA[logout]]>
    </line>
    <line>
      <![CDATA[close browser]]>
    </line>
    <line>
      <![CDATA[close browser]]>
    </line>
  </reporter-output>
  <suite started-at="2023-04-19T15:58:03 IST" name="Suite" finished-at="2023-04-19T15:58:23 IST" duration-ms="20323">
    <groups>
    </groups>
    <test started-at="2023-04-19T15:58:03 IST" name="Test2" finished-at="2023-04-19T15:58:23 IST" duration-ms="19910">
      <class name="com.Parallel.testscript.LoginPage">
        <test-method is-config="true" signature="openBrowser()[pri:0, instance:com.Parallel.testscript.LoginPage@44ebcd03]" started-at="2023-04-19T15:58:03 IST" name="openBrowser" finished-at="2023-04-19T15:58:07 IST" duration-ms="4248" status="PASS">
          <reporter-output>
            <line>
              <![CDATA[open browser]]>
            </line>
          </reporter-output>
        </test-method> <!-- openBrowser -->
        <test-method is-config="true" signature="login()[pri:0, instance:com.Parallel.testscript.LoginPage@44ebcd03]" started-at="2023-04-19T15:58:07 IST" name="login" finished-at="2023-04-19T15:58:17 IST" duration-ms="9822" status="PASS">
          <reporter-output>
            <line>
              <![CDATA[login]]>
            </line>
          </reporter-output>
        </test-method> <!-- login -->
        <test-method signature="loginPage()[pri:0, instance:com.Parallel.testscript.LoginPage@44ebcd03]" started-at="2023-04-19T15:58:17 IST" name="loginPage" finished-at="2023-04-19T15:58:17 IST" duration-ms="2" status="PASS">
          <reporter-output>
            <line>
              <![CDATA[LoginPage]]>
            </line>
          </reporter-output>
        </test-method> <!-- loginPage -->
        <test-method is-config="true" signature="logout()[pri:0, instance:com.Parallel.testscript.LoginPage@44ebcd03]" started-at="2023-04-19T15:58:17 IST" name="logout" finished-at="2023-04-19T15:58:23 IST" duration-ms="5681" status="PASS">
          <reporter-output>
            <line>
              <![CDATA[logout]]>
            </line>
          </reporter-output>
        </test-method> <!-- logout -->
        <test-method is-config="true" signature="closeBrowser()[pri:0, instance:com.Parallel.testscript.LoginPage@44ebcd03]" started-at="2023-04-19T15:58:23 IST" name="closeBrowser" finished-at="2023-04-19T15:58:23 IST" duration-ms="144" status="PASS">
          <reporter-output>
            <line>
              <![CDATA[close browser]]>
            </line>
          </reporter-output>
        </test-method> <!-- closeBrowser -->
      </class> <!-- com.Parallel.testscript.LoginPage -->
    </test> <!-- Test2 -->
    <test started-at="2023-04-19T15:58:03 IST" name="Test" finished-at="2023-04-19T15:58:23 IST" duration-ms="20323">
      <class name="com.Parallel.testscript.LoginPage">
        <test-method is-config="true" signature="openBrowser()[pri:0, instance:com.Parallel.testscript.LoginPage@41fbdac4]" started-at="2023-04-19T15:58:03 IST" name="openBrowser" finished-at="2023-04-19T15:58:07 IST" duration-ms="4115" status="PASS">
          <reporter-output>
            <line>
              <![CDATA[open browser]]>
            </line>
          </reporter-output>
        </test-method> <!-- openBrowser -->
        <test-method is-config="true" signature="login()[pri:0, instance:com.Parallel.testscript.LoginPage@41fbdac4]" started-at="2023-04-19T15:58:07 IST" name="login" finished-at="2023-04-19T15:58:17 IST" duration-ms="9425" status="PASS">
          <reporter-output>
            <line>
              <![CDATA[login]]>
            </line>
          </reporter-output>
        </test-method> <!-- login -->
        <test-method signature="loginPage()[pri:0, instance:com.Parallel.testscript.LoginPage@41fbdac4]" started-at="2023-04-19T15:58:17 IST" name="loginPage" finished-at="2023-04-19T15:58:17 IST" duration-ms="16" status="PASS">
          <reporter-output>
            <line>
              <![CDATA[LoginPage]]>
            </line>
          </reporter-output>
        </test-method> <!-- loginPage -->
        <test-method is-config="true" signature="logout()[pri:0, instance:com.Parallel.testscript.LoginPage@41fbdac4]" started-at="2023-04-19T15:58:17 IST" name="logout" finished-at="2023-04-19T15:58:23 IST" duration-ms="6551" status="PASS">
          <reporter-output>
            <line>
              <![CDATA[logout]]>
            </line>
          </reporter-output>
        </test-method> <!-- logout -->
        <test-method is-config="true" signature="closeBrowser()[pri:0, instance:com.Parallel.testscript.LoginPage@41fbdac4]" started-at="2023-04-19T15:58:23 IST" name="closeBrowser" finished-at="2023-04-19T15:58:23 IST" duration-ms="149" status="PASS">
          <reporter-output>
            <line>
              <![CDATA[close browser]]>
            </line>
          </reporter-output>
        </test-method> <!-- closeBrowser -->
      </class> <!-- com.Parallel.testscript.LoginPage -->
    </test> <!-- Test -->
  </suite> <!-- Suite -->
</testng-results>
